# Info: [9566]: Logging session transcript to file /home/z363liu/ece327/proj/precision.log
//  Precision RTL Synthesis 64-bit 2015.2.16 (PS2015.2.1 Production Release) Tue Jan  5 23:04:49 PST 2016
//  
//  Copyright (c) Mentor Graphics Corporation, 1996-2016, All Rights Reserved.
//             Portions copyright 1991-2008 Compuware Corporation
//                       UNPUBLISHED, LICENSED SOFTWARE.
//            CONFIDENTIAL AND PROPRIETARY INFORMATION WHICH IS THE
//          PROPERTY OF MENTOR GRAPHICS CORPORATION OR ITS LICENSORS
//  
//  Running on Linux z363liu@ecelinux2.uwaterloo.ca #1 SMP Tue Jun 26 16:32:21 UTC 2018 3.10.0-862.6.3.el7.x86_64 x86_64
//  
//  Start time Fri Jul 13 20:09:59 2018
# -------------------------------------------------
# Info: [9566]: Logging session transcript to file /home/z363liu/ece327/proj/precision.log
# Info: [9575]: The Results Directory has been set to: /home/z363liu/ece327/proj/uw_tmp
# Info: [9569]: Moving session transcript to file /home/z363liu/ece327/proj/uw_tmp/precision.log
# Info: [15298]: Setting up the design to use synthesis library "stratixiv.syn"
# Info: [574]: The global max fanout is currently set to 1000 for Altera - Stratix IV.
# Info: [15324]: Setting Part to: "EP4SGX70HF35M".
# Info: [15325]: Setting Process to: "3".
# Info: USING DESIGN ARCH
# Info: [3022]: Reading file: /opt-src/CMC/local/maagaard/tools/mentor/precision/Mgc_home/pkgs/psr/techlibs/stratixiv.syn.
# Info: [633]: Loading library initialization file /opt-src/CMC/local/maagaard/tools/mentor/precision/Mgc_home/pkgs/psr/userware/armstrong_rename.tcl
# Info: [40000]: vhdlorder, Release 2015b.13
# Info: [40000]: Files sorted successfully.
# Info: [40000]: hdl-analyze, Release RTLC-Precision 2015b.13
# Info: [42502]: Analyzing input file "/home/z363liu/ece327/proj/util.vhd" ...
# Info: [42502]: Analyzing input file "/home/z363liu/ece327/proj/kirsch_synth_pkg.vhd" ...
# Info: [42502]: Analyzing input file "/home/z363liu/ece327/proj/mem.vhd" ...
# Info: [42502]: Analyzing input file "/home/z363liu/ece327/proj/kirsch.vhd" ...
# Info: [656]: Current working directory: /home/z363liu/ece327/proj/uw_tmp.
# Info: [40000]: RTLC-Driver, Release RTLC-Precision 2015b.13
# Info: [40000]: Last compiled on Dec 24 2015 14:33:45
# Info: [44512]: Initializing...
# Info: [44504]: Partitioning design ....
# Info: [40000]: RTLCompiler, Release RTLC-Precision 2015b.13
# Info: [40000]: Last compiled on Dec 24 2015 15:06:12
# Info: [44512]: Initializing...
# Info: [44522]: Root Module work.kirsch(main): Pre-processing...
# Info: [44506]: Module work.mem(main){generic map (data_width => 8 addr_width => 8)}: Pre-processing...
# Info: [45251]: Built-in hardware memory core inferred for variable ': mem.mem depth = 256, width = 8'.
# Warning: [45729]: "/home/z363liu/ece327/proj/kirsch.vhd", line 25: signal result has never been used.
# Info: [44508]: Module work.mem(main){generic map (data_width => 8 addr_width => 8)}: Compiling...
# Info: [44523]: Root Module work.kirsch(main): Compiling...
# Warning: [45702]: "/home/z363liu/ece327/proj/kirsch.vhd", line 28: Initial value for sum[11:0] is ignored for synthesis. To allow initial value for synthesis, please set the attribute "allow_init_val" in HDL or enable the global support for initial value synthesis through "compile_initial_values" switch.
# Warning: [45702]: "/home/z363liu/ece327/proj/kirsch.vhd", line 28: Initial value for sum_n_nw[11:0] is ignored for synthesis. To allow initial value for synthesis, please set the attribute "allow_init_val" in HDL or enable the global support for initial value synthesis through "compile_initial_values" switch.
# Warning: [45702]: "/home/z363liu/ece327/proj/kirsch.vhd", line 28: Initial value for sum_e_ne[11:0] is ignored for synthesis. To allow initial value for synthesis, please set the attribute "allow_init_val" in HDL or enable the global support for initial value synthesis through "compile_initial_values" switch.
# Warning: [45702]: "/home/z363liu/ece327/proj/kirsch.vhd", line 28: Initial value for sum_s_se[11:0] is ignored for synthesis. To allow initial value for synthesis, please set the attribute "allow_init_val" in HDL or enable the global support for initial value synthesis through "compile_initial_values" switch.
# Warning: [45702]: "/home/z363liu/ece327/proj/kirsch.vhd", line 28: Initial value for sum_w_sw[11:0] is ignored for synthesis. To allow initial value for synthesis, please set the attribute "allow_init_val" in HDL or enable the global support for initial value synthesis through "compile_initial_values" switch.
# Warning: [45702]: "/home/z363liu/ece327/proj/kirsch.vhd", line 28: Initial value for acc[11:0] is ignored for synthesis. To allow initial value for synthesis, please set the attribute "allow_init_val" in HDL or enable the global support for initial value synthesis through "compile_initial_values" switch.
# Warning: [45702]: "/home/z363liu/ece327/proj/kirsch.vhd", line 29: Initial value for col[7:0] is ignored for synthesis. To allow initial value for synthesis, please set the attribute "allow_init_val" in HDL or enable the global support for initial value synthesis through "compile_initial_values" switch.
# Warning: [45702]: "/home/z363liu/ece327/proj/kirsch.vhd", line 30: Initial value for row[7:0] is ignored for synthesis. To allow initial value for synthesis, please set the attribute "allow_init_val" in HDL or enable the global support for initial value synthesis through "compile_initial_values" switch.
# Warning: [45702]: "/home/z363liu/ece327/proj/kirsch.vhd", line 31: Initial value for mem_num[2:0] is ignored for synthesis. To allow initial value for synthesis, please set the attribute "allow_init_val" in HDL or enable the global support for initial value synthesis through "compile_initial_values" switch.
# Info: [44812]: "/home/z363liu/ece327/proj/kirsch.vhd", line 88: Sharing register dir_w_sw[2] with dir_w_sw[1]
# Info: [44812]: "/home/z363liu/ece327/proj/kirsch.vhd", line 88: Sharing register dir_e_ne[1] with dir_e_ne[2]
# Info: [45308]: "/home/z363liu/ece327/proj/kirsch.vhd", line 69: The comparison operator has been optimized to constant 0.
# Info: [45308]: "/home/z363liu/ece327/proj/kirsch.vhd", line 70: The comparison operator has been optimized to constant 0.
# Info: [45308]: "/home/z363liu/ece327/proj/kirsch.vhd", line 213: The comparison operator has been optimized to constant 0.
# Info: [44812]: "/home/z363liu/ece327/proj/kirsch.vhd", line 194: Sharing register c[7] with c[6]
# Info: [44812]: "/home/z363liu/ece327/proj/kirsch.vhd", line 194: Sharing register b[7] with b[6]
# Info: [44812]: "/home/z363liu/ece327/proj/kirsch.vhd", line 194: Sharing register c[7] with c[5]
# Info: [44812]: "/home/z363liu/ece327/proj/kirsch.vhd", line 194: Sharing register b[7] with b[5]
# Info: [44812]: "/home/z363liu/ece327/proj/kirsch.vhd", line 194: Sharing register c[7] with c[4]
# Info: [44812]: "/home/z363liu/ece327/proj/kirsch.vhd", line 194: Sharing register b[7] with b[4]
# Info: [44812]: "/home/z363liu/ece327/proj/kirsch.vhd", line 194: Sharing register c[7] with c[3]
# Info: [44812]: "/home/z363liu/ece327/proj/kirsch.vhd", line 194: Sharing register b[7] with b[3]
# Info: [44812]: "/home/z363liu/ece327/proj/kirsch.vhd", line 194: Sharing register c[7] with c[2]
# Info: [44812]: "/home/z363liu/ece327/proj/kirsch.vhd", line 194: Sharing register b[7] with b[2]
# Info: [44812]: "/home/z363liu/ece327/proj/kirsch.vhd", line 194: Sharing register c[7] with c[1]
# Info: [44812]: "/home/z363liu/ece327/proj/kirsch.vhd", line 194: Sharing register b[7] with b[1]
# Info: [44812]: "/home/z363liu/ece327/proj/kirsch.vhd", line 194: Sharing register c[7] with c[0]
# Info: [44812]: "/home/z363liu/ece327/proj/kirsch.vhd", line 194: Sharing register b[7] with b[0]
# Info: [44812]: "/home/z363liu/ece327/proj/kirsch.vhd", line 194: Sharing register c[7] with d[7]
# Info: [44812]: "/home/z363liu/ece327/proj/kirsch.vhd", line 194: Sharing register c[7] with d[6]
# Info: [44812]: "/home/z363liu/ece327/proj/kirsch.vhd", line 194: Sharing register c[7] with d[5]
# Info: [44812]: "/home/z363liu/ece327/proj/kirsch.vhd", line 194: Sharing register c[7] with d[4]
# Info: [44812]: "/home/z363liu/ece327/proj/kirsch.vhd", line 194: Sharing register c[7] with d[3]
# Info: [44812]: "/home/z363liu/ece327/proj/kirsch.vhd", line 194: Sharing register c[7] with d[2]
# Info: [44812]: "/home/z363liu/ece327/proj/kirsch.vhd", line 194: Sharing register c[7] with d[1]
# Info: [44812]: "/home/z363liu/ece327/proj/kirsch.vhd", line 194: Sharing register c[7] with d[0]
# Info: [44812]: "/home/z363liu/ece327/proj/kirsch.vhd", line 194: Sharing register b[7] with i[7]
# Info: [44812]: "/home/z363liu/ece327/proj/kirsch.vhd", line 194: Sharing register i[7] with i[6]
# Info: [44812]: "/home/z363liu/ece327/proj/kirsch.vhd", line 194: Sharing register i[6] with i[5]
# Info: [44812]: "/home/z363liu/ece327/proj/kirsch.vhd", line 194: Sharing register i[5] with i[4]
# Info: [44812]: "/home/z363liu/ece327/proj/kirsch.vhd", line 194: Sharing register i[4] with i[3]
# Info: [44812]: "/home/z363liu/ece327/proj/kirsch.vhd", line 194: Sharing register i[3] with i[2]
# Info: [44812]: "/home/z363liu/ece327/proj/kirsch.vhd", line 194: Sharing register i[2] with i[1]
# Info: [44812]: "/home/z363liu/ece327/proj/kirsch.vhd", line 194: Sharing register i[1] with i[0]
# Info: [44812]: "/home/z363liu/ece327/proj/kirsch.vhd", line 194: Sharing register h[0] with a[7]
# Info: [44812]: "/home/z363liu/ece327/proj/kirsch.vhd", line 194: Sharing register h[0] with a[6]
# Info: [44812]: "/home/z363liu/ece327/proj/kirsch.vhd", line 194: Sharing register h[0] with a[5]
# Info: [44812]: "/home/z363liu/ece327/proj/kirsch.vhd", line 194: Sharing register h[0] with a[4]
# Info: [44812]: "/home/z363liu/ece327/proj/kirsch.vhd", line 194: Sharing register h[0] with a[3]
# Info: [44812]: "/home/z363liu/ece327/proj/kirsch.vhd", line 194: Sharing register h[0] with a[2]
# Info: [44812]: "/home/z363liu/ece327/proj/kirsch.vhd", line 194: Sharing register h[0] with a[1]
# Info: [44812]: "/home/z363liu/ece327/proj/kirsch.vhd", line 194: Sharing register h[0] with a[0]
# Info: [44812]: "/home/z363liu/ece327/proj/kirsch.vhd", line 194: Sharing register h[7] with h[6]
# Info: [44812]: "/home/z363liu/ece327/proj/kirsch.vhd", line 194: Sharing register h[7] with h[5]
# Info: [44812]: "/home/z363liu/ece327/proj/kirsch.vhd", line 194: Sharing register h[7] with h[4]
# Info: [44812]: "/home/z363liu/ece327/proj/kirsch.vhd", line 194: Sharing register h[7] with h[3]
# Info: [44812]: "/home/z363liu/ece327/proj/kirsch.vhd", line 194: Sharing register h[7] with h[2]
# Info: [44812]: "/home/z363liu/ece327/proj/kirsch.vhd", line 194: Sharing register h[7] with h[1]
# Info: [44812]: "/home/z363liu/ece327/proj/kirsch.vhd", line 194: Sharing register h[7] with h[0]
# Info: [45308]: "/home/z363liu/ece327/proj/kirsch.vhd", line 91: The comparison operator has been optimized to constant 1.
# Info: [45308]: "/home/z363liu/ece327/proj/kirsch.vhd", line 101: The comparison operator has been optimized to constant 1.
# Info: [44838]: "/home/z363liu/ece327/proj/kirsch.vhd", line 235: Macro Modgen_Counter "counter_up_clock_cnt_en_0_8" inferred for node "row".
# Info: [44838]: "/home/z363liu/ece327/proj/kirsch.vhd", line 239: Macro Modgen_Counter "counter_up_sclear_clock_clk_en_0_8" inferred for node "col".
# Info: [45309]: "/home/z363liu/ece327/proj/kirsch.vhd", line 88: Optimizing state bit(s) dir_n_nw[1:0] to constant 0
# Info: [45309]: "/home/z363liu/ece327/proj/kirsch.vhd", line 88: Optimizing state bit(s) dir_n_nw[2] to constant 1
# Info: [45309]: "/home/z363liu/ece327/proj/kirsch.vhd", line 88: Optimizing state bit(s) dir_e_ne[1:0] to constant 0
# Info: [45309]: "/home/z363liu/ece327/proj/kirsch.vhd", line 88: Optimizing state bit(s) sum_n_nw[11:0] to constant 0
# Info: [45309]: "/home/z363liu/ece327/proj/kirsch.vhd", line 194: Optimizing state bit(s) mem_num[2:0] to constant 0
# Info: [45309]: "/home/z363liu/ece327/proj/kirsch.vhd", line 194: Optimizing state bit(s) a[11:8] to constant 0
# Info: [45309]: "/home/z363liu/ece327/proj/kirsch.vhd", line 194: Optimizing state bit(s) b[11:8] to constant 0
# Info: [45309]: "/home/z363liu/ece327/proj/kirsch.vhd", line 194: Optimizing state bit(s) c[11:7] to constant 0
# Info: [45309]: "/home/z363liu/ece327/proj/kirsch.vhd", line 194: Optimizing state bit(s) d[11:8] to constant 0
# Info: [45309]: "/home/z363liu/ece327/proj/kirsch.vhd", line 194: Optimizing state bit(s) h[11:7] to constant 0
# Info: [45309]: "/home/z363liu/ece327/proj/kirsch.vhd", line 194: Optimizing state bit(s) i[11:8] to constant 0
# Info: [45309]: "/home/z363liu/ece327/proj/kirsch.vhd", line 194: Optimizing state bit(s) i[0] to constant 0
# Info: [45309]: "/home/z363liu/ece327/proj/kirsch.vhd", line 88: Optimizing state bit(s) dir_s_se[0] to constant 1
# Info: [45309]: "/home/z363liu/ece327/proj/kirsch.vhd", line 88: Optimizing state bit(s) dir_w_sw[0] to constant 1
# Info: [45309]: "/home/z363liu/ece327/proj/kirsch.vhd", line 134: Optimizing state bit(s) sum[11:10] to constant 0
# Info: [45309]: "/home/z363liu/ece327/proj/kirsch.vhd", line 88: Optimizing state bit(s) sum_e_ne[11:8] to constant 0
# Info: [45309]: "/home/z363liu/ece327/proj/kirsch.vhd", line 88: Optimizing state bit(s) sum_s_se[11:10] to constant 0
# Info: [45309]: "/home/z363liu/ece327/proj/kirsch.vhd", line 88: Optimizing state bit(s) sum_w_sw[11:9] to constant 0
# Info: [45309]: "/home/z363liu/ece327/proj/kirsch.vhd", line 88: Optimizing state bit(s) acc[11:10] to constant 0
# Info: [45309]: "/home/z363liu/ece327/proj/kirsch.vhd", line 194: Optimizing state bit(s) e[11:8] to constant 0
# Info: [45309]: "/home/z363liu/ece327/proj/kirsch.vhd", line 194: Optimizing state bit(s) f[11:8] to constant 0
# Info: [45309]: "/home/z363liu/ece327/proj/kirsch.vhd", line 194: Optimizing state bit(s) g[11:8] to constant 0
# Info: [44846]: Rebalanced Expression Tree...
# Info: [44842]: Compilation successfully completed.
# Info: [44841]: Counter Inferencing === Detected : 2, Inferred (Modgen/Selcounter/AddSub) : 2 (2 / 0 / 0), AcrossDH (Merged/Not-Merged) : (0 / 0), Not-Inferred (Acrossdh/Attempted) : (0 / 0), Local Vars : 0 ===
# Info: [44856]: Total lines of RTL compiled: 382.
# Info: [44835]: Total CPU time for compilation: 0.0 secs.
# Info: [44513]: Overall running time for compilation: 1.0 secs.
# Info: [656]: Current working directory: /home/z363liu/ece327/proj/uw_tmp.
# Info: [15330]: Doing rtl optimizations.
# Info: [1075]: Constraints: Precision will generate the constraint: create_clock [get_ports clk] -name clk -period 20 -waveform {0 10} on port:clk. Reason: setup_design -frequency. Please override the constraint if needed.
# Info: [1078]: Constraints: Precision will generate the following clock domain information against the clocks. Since the clock domain information is not provided by the user for the below clocks, all clocks are assumed to be synchronous clocks. This will result in all paths between the clock domains to be analyzed for timing. If this behaviour is not intended for any clock domain or path, please override using -domain option or false path constraint. Among these clocks, clock with the smallest period will be chosen as the default domain and the rest of the clock periods specified using multiply-by or divide-by factor.
# Info: Constraints: Precision Generated Clock Domains:
# Info: 	Domain Name: xmplr_ClockDomain_clk		Clock Name: clk
# Info: [659]: Finished compiling design.
# Info: [3027]: Writing file: /home/z363liu/ece327/proj/uw_tmp/kirsch_gate.vhd.
# Info: Info, Command 'auto_write' finished successfully
# Info: [3027]: Writing file: /home/z363liu/ece327/proj/uw_tmp/kirsch_gate.vhd.
# Info: Info, Command 'auto_write' finished successfully
# Info: [656]: Current working directory: /home/z363liu/ece327/proj/uw_tmp.
# Info: [20013]: Precision will use 3 processor(s).
# Info: [15002]: Optimizing design view:.work.kirsch.main
# Info: [1078]: Constraints: Precision will generate the following clock domain information against the clocks. Since the clock domain information is not provided by the user for the below clocks, all clocks are assumed to be synchronous clocks. This will result in all paths between the clock domains to be analyzed for timing. If this behaviour is not intended for any clock domain or path, please override using -domain option or false path constraint. Among these clocks, clock with the smallest period will be chosen as the default domain and the rest of the clock periods specified using multiply-by or divide-by factor.
# Info: Constraints: Precision Generated Clock Domains:
# Info: 	Domain Name: xmplr_ClockDomain_clk		Clock Name: clk
# Info: [12045]: Starting timing reports generation...
# Info: [12046]: Timing reports generation done.
# Info: [12047]: POST-SYNTHESIS TIMING REPORTS ARE ESTIMATES AND SHOULD NOT BE RELIED ON TO MAKE QoR DECISIONS. For accurate timing information, please run place-and-route (P&R) and review P&R generated timing reports.
# Info: [3027]: Writing file: /home/z363liu/ece327/proj/uw_tmp/kirsch.vhd.
# Info: [3027]: Writing file: /home/z363liu/ece327/proj/uw_tmp/kirsch.v.
# Info: [3027]: Writing file: /home/z363liu/ece327/proj/uw_tmp/kirsch.vqm.
# Info: -- Writing file /home/z363liu/ece327/proj/uw_tmp/kirsch.tcl
# Info: exq_pr_compile_project gen_vcf kirsch 1
# Info: [659]: Finished synthesizing design.
# Info: [11019]: Total CPU time for synthesis: 1.3 s secs.
# Info: [11020]: Overall running time for synthesis: 1.8 s secs.
# Warning: [11029]: Your synthesis will restart from the compile step.
# Info: [633]: Loading library initialization file /opt-src/CMC/local/maagaard/tools/mentor/precision/Mgc_home/pkgs/psr/userware/armstrong_rename.tcl
# Info: [40000]: vhdlorder, Release 2015b.13
# Info: [40000]: Files sorted successfully.
# Info: [40000]: hdl-analyze, Release RTLC-Precision 2015b.13
# Info: [42502]: Analyzing input file "/home/z363liu/ece327/proj/util.vhd" ...
# Info: [42502]: Analyzing input file "/home/z363liu/ece327/proj/kirsch_synth_pkg.vhd" ...
# Info: [42502]: Analyzing input file "/home/z363liu/ece327/proj/mem.vhd" ...
# Info: [42502]: Analyzing input file "/home/z363liu/ece327/proj/kirsch.vhd" ...
# Info: [656]: Current working directory: /home/z363liu/ece327/proj/uw_tmp.
# Info: [40000]: RTLC-Driver, Release RTLC-Precision 2015b.13
# Info: [40000]: Last compiled on Dec 24 2015 14:33:45
# Info: [44512]: Initializing...
# Info: [44504]: Partitioning design ....
# Info: [40000]: RTLCompiler, Release RTLC-Precision 2015b.13
# Info: [40000]: Last compiled on Dec 24 2015 15:06:12
# Info: [44512]: Initializing...
# Info: [44522]: Root Module work.kirsch(main): Pre-processing...
# Info: [44506]: Module work.mem(main){generic map (data_width => 8 addr_width => 8)}: Pre-processing...
# Info: [45251]: Built-in hardware memory core inferred for variable ': mem.mem depth = 256, width = 8'.
# Warning: [45729]: "/home/z363liu/ece327/proj/kirsch.vhd", line 25: signal result has never been used.
# Info: [44508]: Module work.mem(main){generic map (data_width => 8 addr_width => 8)}: Compiling...
# Info: [44523]: Root Module work.kirsch(main): Compiling...
# Warning: [45702]: "/home/z363liu/ece327/proj/kirsch.vhd", line 28: Initial value for sum[11:0] is ignored for synthesis. To allow initial value for synthesis, please set the attribute "allow_init_val" in HDL or enable the global support for initial value synthesis through "compile_initial_values" switch.
# Warning: [45702]: "/home/z363liu/ece327/proj/kirsch.vhd", line 28: Initial value for sum_n_nw[11:0] is ignored for synthesis. To allow initial value for synthesis, please set the attribute "allow_init_val" in HDL or enable the global support for initial value synthesis through "compile_initial_values" switch.
# Warning: [45702]: "/home/z363liu/ece327/proj/kirsch.vhd", line 28: Initial value for sum_e_ne[11:0] is ignored for synthesis. To allow initial value for synthesis, please set the attribute "allow_init_val" in HDL or enable the global support for initial value synthesis through "compile_initial_values" switch.
# Warning: [45702]: "/home/z363liu/ece327/proj/kirsch.vhd", line 28: Initial value for sum_s_se[11:0] is ignored for synthesis. To allow initial value for synthesis, please set the attribute "allow_init_val" in HDL or enable the global support for initial value synthesis through "compile_initial_values" switch.
# Warning: [45702]: "/home/z363liu/ece327/proj/kirsch.vhd", line 28: Initial value for sum_w_sw[11:0] is ignored for synthesis. To allow initial value for synthesis, please set the attribute "allow_init_val" in HDL or enable the global support for initial value synthesis through "compile_initial_values" switch.
# Warning: [45702]: "/home/z363liu/ece327/proj/kirsch.vhd", line 28: Initial value for acc[11:0] is ignored for synthesis. To allow initial value for synthesis, please set the attribute "allow_init_val" in HDL or enable the global support for initial value synthesis through "compile_initial_values" switch.
# Warning: [45702]: "/home/z363liu/ece327/proj/kirsch.vhd", line 29: Initial value for col[7:0] is ignored for synthesis. To allow initial value for synthesis, please set the attribute "allow_init_val" in HDL or enable the global support for initial value synthesis through "compile_initial_values" switch.
# Warning: [45702]: "/home/z363liu/ece327/proj/kirsch.vhd", line 30: Initial value for row[7:0] is ignored for synthesis. To allow initial value for synthesis, please set the attribute "allow_init_val" in HDL or enable the global support for initial value synthesis through "compile_initial_values" switch.
# Warning: [45702]: "/home/z363liu/ece327/proj/kirsch.vhd", line 31: Initial value for mem_num[2:0] is ignored for synthesis. To allow initial value for synthesis, please set the attribute "allow_init_val" in HDL or enable the global support for initial value synthesis through "compile_initial_values" switch.
# Info: [44812]: "/home/z363liu/ece327/proj/kirsch.vhd", line 88: Sharing register dir_w_sw[2] with dir_w_sw[1]
# Info: [44812]: "/home/z363liu/ece327/proj/kirsch.vhd", line 88: Sharing register dir_e_ne[1] with dir_e_ne[2]
# Info: [45308]: "/home/z363liu/ece327/proj/kirsch.vhd", line 69: The comparison operator has been optimized to constant 0.
# Info: [45308]: "/home/z363liu/ece327/proj/kirsch.vhd", line 70: The comparison operator has been optimized to constant 0.
# Info: [45308]: "/home/z363liu/ece327/proj/kirsch.vhd", line 213: The comparison operator has been optimized to constant 0.
# Info: [44812]: "/home/z363liu/ece327/proj/kirsch.vhd", line 194: Sharing register c[7] with c[6]
# Info: [44812]: "/home/z363liu/ece327/proj/kirsch.vhd", line 194: Sharing register b[7] with b[6]
# Info: [44812]: "/home/z363liu/ece327/proj/kirsch.vhd", line 194: Sharing register c[7] with c[5]
# Info: [44812]: "/home/z363liu/ece327/proj/kirsch.vhd", line 194: Sharing register b[7] with b[5]
# Info: [44812]: "/home/z363liu/ece327/proj/kirsch.vhd", line 194: Sharing register c[7] with c[4]
# Info: [44812]: "/home/z363liu/ece327/proj/kirsch.vhd", line 194: Sharing register b[7] with b[4]
# Info: [44812]: "/home/z363liu/ece327/proj/kirsch.vhd", line 194: Sharing register c[7] with c[3]
# Info: [44812]: "/home/z363liu/ece327/proj/kirsch.vhd", line 194: Sharing register b[7] with b[3]
# Info: [44812]: "/home/z363liu/ece327/proj/kirsch.vhd", line 194: Sharing register c[7] with c[2]
# Info: [44812]: "/home/z363liu/ece327/proj/kirsch.vhd", line 194: Sharing register b[7] with b[2]
# Info: [44812]: "/home/z363liu/ece327/proj/kirsch.vhd", line 194: Sharing register c[7] with c[1]
# Info: [44812]: "/home/z363liu/ece327/proj/kirsch.vhd", line 194: Sharing register b[7] with b[1]
# Info: [44812]: "/home/z363liu/ece327/proj/kirsch.vhd", line 194: Sharing register c[7] with c[0]
# Info: [44812]: "/home/z363liu/ece327/proj/kirsch.vhd", line 194: Sharing register b[7] with b[0]
# Info: [44812]: "/home/z363liu/ece327/proj/kirsch.vhd", line 194: Sharing register c[7] with d[7]
# Info: [44812]: "/home/z363liu/ece327/proj/kirsch.vhd", line 194: Sharing register c[7] with d[6]
# Info: [44812]: "/home/z363liu/ece327/proj/kirsch.vhd", line 194: Sharing register c[7] with d[5]
# Info: [44812]: "/home/z363liu/ece327/proj/kirsch.vhd", line 194: Sharing register c[7] with d[4]
# Info: [44812]: "/home/z363liu/ece327/proj/kirsch.vhd", line 194: Sharing register c[7] with d[3]
# Info: [44812]: "/home/z363liu/ece327/proj/kirsch.vhd", line 194: Sharing register c[7] with d[2]
# Info: [44812]: "/home/z363liu/ece327/proj/kirsch.vhd", line 194: Sharing register c[7] with d[1]
# Info: [44812]: "/home/z363liu/ece327/proj/kirsch.vhd", line 194: Sharing register c[7] with d[0]
# Info: [44812]: "/home/z363liu/ece327/proj/kirsch.vhd", line 194: Sharing register b[7] with i[7]
# Info: [44812]: "/home/z363liu/ece327/proj/kirsch.vhd", line 194: Sharing register i[7] with i[6]
# Info: [44812]: "/home/z363liu/ece327/proj/kirsch.vhd", line 194: Sharing register i[6] with i[5]
# Info: [44812]: "/home/z363liu/ece327/proj/kirsch.vhd", line 194: Sharing register i[5] with i[4]
# Info: [44812]: "/home/z363liu/ece327/proj/kirsch.vhd", line 194: Sharing register i[4] with i[3]
# Info: [44812]: "/home/z363liu/ece327/proj/kirsch.vhd", line 194: Sharing register i[3] with i[2]
# Info: [44812]: "/home/z363liu/ece327/proj/kirsch.vhd", line 194: Sharing register i[2] with i[1]
# Info: [44812]: "/home/z363liu/ece327/proj/kirsch.vhd", line 194: Sharing register i[1] with i[0]
# Info: [44812]: "/home/z363liu/ece327/proj/kirsch.vhd", line 194: Sharing register h[0] with a[7]
# Info: [44812]: "/home/z363liu/ece327/proj/kirsch.vhd", line 194: Sharing register h[0] with a[6]
# Info: [44812]: "/home/z363liu/ece327/proj/kirsch.vhd", line 194: Sharing register h[0] with a[5]
# Info: [44812]: "/home/z363liu/ece327/proj/kirsch.vhd", line 194: Sharing register h[0] with a[4]
# Info: [44812]: "/home/z363liu/ece327/proj/kirsch.vhd", line 194: Sharing register h[0] with a[3]
# Info: [44812]: "/home/z363liu/ece327/proj/kirsch.vhd", line 194: Sharing register h[0] with a[2]
# Info: [44812]: "/home/z363liu/ece327/proj/kirsch.vhd", line 194: Sharing register h[0] with a[1]
# Info: [44812]: "/home/z363liu/ece327/proj/kirsch.vhd", line 194: Sharing register h[0] with a[0]
# Info: [44812]: "/home/z363liu/ece327/proj/kirsch.vhd", line 194: Sharing register h[7] with h[6]
# Info: [44812]: "/home/z363liu/ece327/proj/kirsch.vhd", line 194: Sharing register h[7] with h[5]
# Info: [44812]: "/home/z363liu/ece327/proj/kirsch.vhd", line 194: Sharing register h[7] with h[4]
# Info: [44812]: "/home/z363liu/ece327/proj/kirsch.vhd", line 194: Sharing register h[7] with h[3]
# Info: [44812]: "/home/z363liu/ece327/proj/kirsch.vhd", line 194: Sharing register h[7] with h[2]
# Info: [44812]: "/home/z363liu/ece327/proj/kirsch.vhd", line 194: Sharing register h[7] with h[1]
# Info: [44812]: "/home/z363liu/ece327/proj/kirsch.vhd", line 194: Sharing register h[7] with h[0]
# Info: [45308]: "/home/z363liu/ece327/proj/kirsch.vhd", line 91: The comparison operator has been optimized to constant 1.
# Info: [45308]: "/home/z363liu/ece327/proj/kirsch.vhd", line 101: The comparison operator has been optimized to constant 1.
# Info: [44838]: "/home/z363liu/ece327/proj/kirsch.vhd", line 235: Macro Modgen_Counter "counter_up_clock_cnt_en_0_8" inferred for node "row".
# Info: [44838]: "/home/z363liu/ece327/proj/kirsch.vhd", line 239: Macro Modgen_Counter "counter_up_sclear_clock_clk_en_0_8" inferred for node "col".
# Info: [45309]: "/home/z363liu/ece327/proj/kirsch.vhd", line 88: Optimizing state bit(s) dir_n_nw[1:0] to constant 0
# Info: [45309]: "/home/z363liu/ece327/proj/kirsch.vhd", line 88: Optimizing state bit(s) dir_n_nw[2] to constant 1
# Info: [45309]: "/home/z363liu/ece327/proj/kirsch.vhd", line 88: Optimizing state bit(s) dir_e_ne[1:0] to constant 0
# Info: [45309]: "/home/z363liu/ece327/proj/kirsch.vhd", line 88: Optimizing state bit(s) sum_n_nw[11:0] to constant 0
# Info: [45309]: "/home/z363liu/ece327/proj/kirsch.vhd", line 194: Optimizing state bit(s) mem_num[2:0] to constant 0
# Info: [45309]: "/home/z363liu/ece327/proj/kirsch.vhd", line 194: Optimizing state bit(s) a[11:8] to constant 0
# Info: [45309]: "/home/z363liu/ece327/proj/kirsch.vhd", line 194: Optimizing state bit(s) b[11:8] to constant 0
# Info: [45309]: "/home/z363liu/ece327/proj/kirsch.vhd", line 194: Optimizing state bit(s) c[11:7] to constant 0
# Info: [45309]: "/home/z363liu/ece327/proj/kirsch.vhd", line 194: Optimizing state bit(s) d[11:8] to constant 0
# Info: [45309]: "/home/z363liu/ece327/proj/kirsch.vhd", line 194: Optimizing state bit(s) h[11:7] to constant 0
# Info: [45309]: "/home/z363liu/ece327/proj/kirsch.vhd", line 194: Optimizing state bit(s) i[11:8] to constant 0
# Info: [45309]: "/home/z363liu/ece327/proj/kirsch.vhd", line 194: Optimizing state bit(s) i[0] to constant 0
# Info: [45309]: "/home/z363liu/ece327/proj/kirsch.vhd", line 88: Optimizing state bit(s) dir_s_se[0] to constant 1
# Info: [45309]: "/home/z363liu/ece327/proj/kirsch.vhd", line 88: Optimizing state bit(s) dir_w_sw[0] to constant 1
# Info: [45309]: "/home/z363liu/ece327/proj/kirsch.vhd", line 134: Optimizing state bit(s) sum[11:10] to constant 0
# Info: [45309]: "/home/z363liu/ece327/proj/kirsch.vhd", line 88: Optimizing state bit(s) sum_e_ne[11:8] to constant 0
# Info: [45309]: "/home/z363liu/ece327/proj/kirsch.vhd", line 88: Optimizing state bit(s) sum_s_se[11:10] to constant 0
# Info: [45309]: "/home/z363liu/ece327/proj/kirsch.vhd", line 88: Optimizing state bit(s) sum_w_sw[11:9] to constant 0
# Info: [45309]: "/home/z363liu/ece327/proj/kirsch.vhd", line 88: Optimizing state bit(s) acc[11:10] to constant 0
# Info: [45309]: "/home/z363liu/ece327/proj/kirsch.vhd", line 194: Optimizing state bit(s) e[11:8] to constant 0
# Info: [45309]: "/home/z363liu/ece327/proj/kirsch.vhd", line 194: Optimizing state bit(s) f[11:8] to constant 0
# Info: [45309]: "/home/z363liu/ece327/proj/kirsch.vhd", line 194: Optimizing state bit(s) g[11:8] to constant 0
# Info: [44846]: Rebalanced Expression Tree...
# Info: [44842]: Compilation successfully completed.
# Info: [44841]: Counter Inferencing === Detected : 2, Inferred (Modgen/Selcounter/AddSub) : 2 (2 / 0 / 0), AcrossDH (Merged/Not-Merged) : (0 / 0), Not-Inferred (Acrossdh/Attempted) : (0 / 0), Local Vars : 0 ===
# Info: [44856]: Total lines of RTL compiled: 382.
# Info: [44835]: Total CPU time for compilation: 0.0 secs.
# Info: [44513]: Overall running time for compilation: 1.0 secs.
# Info: [656]: Current working directory: /home/z363liu/ece327/proj/uw_tmp.
# Info: [15330]: Doing rtl optimizations.
# Info: [1075]: Constraints: Precision will generate the constraint: create_clock [get_ports clk] -name clk -period 20 -waveform {0 10} on port:clk. Reason: setup_design -frequency. Please override the constraint if needed.
# Info: [1078]: Constraints: Precision will generate the following clock domain information against the clocks. Since the clock domain information is not provided by the user for the below clocks, all clocks are assumed to be synchronous clocks. This will result in all paths between the clock domains to be analyzed for timing. If this behaviour is not intended for any clock domain or path, please override using -domain option or false path constraint. Among these clocks, clock with the smallest period will be chosen as the default domain and the rest of the clock periods specified using multiply-by or divide-by factor.
# Info: Constraints: Precision Generated Clock Domains:
# Info: 	Domain Name: xmplr_ClockDomain_clk		Clock Name: clk
# Info: [659]: Finished compiling design.
# Info: [656]: Current working directory: /home/z363liu/ece327/proj/uw_tmp.
# Info: [20013]: Precision will use 3 processor(s).
# Info: [15002]: Optimizing design view:.work.kirsch.main
# Info: [1078]: Constraints: Precision will generate the following clock domain information against the clocks. Since the clock domain information is not provided by the user for the below clocks, all clocks are assumed to be synchronous clocks. This will result in all paths between the clock domains to be analyzed for timing. If this behaviour is not intended for any clock domain or path, please override using -domain option or false path constraint. Among these clocks, clock with the smallest period will be chosen as the default domain and the rest of the clock periods specified using multiply-by or divide-by factor.
# Info: Constraints: Precision Generated Clock Domains:
# Info: 	Domain Name: xmplr_ClockDomain_clk		Clock Name: clk
# Info: [12045]: Starting timing reports generation...
# Info: [12046]: Timing reports generation done.
# Info: [12047]: POST-SYNTHESIS TIMING REPORTS ARE ESTIMATES AND SHOULD NOT BE RELIED ON TO MAKE QoR DECISIONS. For accurate timing information, please run place-and-route (P&R) and review P&R generated timing reports.
# Info: [3027]: Writing file: /home/z363liu/ece327/proj/uw_tmp/kirsch.vhd.
# Info: [3027]: Writing file: /home/z363liu/ece327/proj/uw_tmp/kirsch.v.
# Info: [3027]: Writing file: /home/z363liu/ece327/proj/uw_tmp/kirsch.vqm.
# Info: -- Writing file /home/z363liu/ece327/proj/uw_tmp/kirsch.tcl
# Info: exq_pr_compile_project gen_vcf kirsch 1
# Info: [659]: Finished synthesizing design.
# Info: [11019]: Total CPU time for synthesis: 1.2 s secs.
# Info: [11020]: Overall running time for synthesis: 2.1 s secs.
# Info: clk
# Info: 1
# Info: 0
# Info: [3027]: Writing file: /home/z363liu/ece327/proj/uw_tmp/kirsch_logic.sdf.
# Info: [654]: Using verilog names style for SDF.
# Info: [634]: Do 'set sdf_names_style vhdl' to use vhdl names style for SDF.
# Info: Info, Command 'auto_write' finished successfully
# Info: *** logic synthesis succeeded ***
