Flow report for lab3_top
Sun Jun 24 15:43:19 2018
Quartus Prime Version 15.1.0 Build 185 10/21/2015 SJ Standard Edition


---------------------
; Table of Contents ;
---------------------
  1. Legal Notice
  2. Flow Summary
  3. Flow Settings
  4. Flow Non-Default Global Settings
  5. Flow Elapsed Time
  6. Flow OS Summary
  7. Flow Log
  8. Flow Messages
  9. Flow Suppressed Messages



----------------
; Legal Notice ;
----------------
Copyright (C) 1991-2015 Altera Corporation. All rights reserved.
Your use of Altera Corporation's design tools, logic functions 
and other software and tools, and its AMPP partner logic 
functions, and any output files from any of the foregoing 
(including device programming or simulation files), and any 
associated documentation or information are expressly subject 
to the terms and conditions of the Altera Program License 
Subscription Agreement, the Altera Quartus Prime License Agreement,
the Altera MegaCore Function License Agreement, or other 
applicable license agreement, including, without limitation, 
that your use is for the sole purpose of programming logic 
devices manufactured by Altera and sold by Altera or its 
authorized distributors.  Please refer to the applicable 
agreement for further details.



+--------------------------------------------------------------------------------------+
; Flow Summary                                                                         ;
+------------------------------------+-------------------------------------------------+
; Flow Status                        ; Successful - Sun Jun 24 15:43:19 2018           ;
; Quartus Prime Version              ; 15.1.0 Build 185 10/21/2015 SJ Standard Edition ;
; Revision Name                      ; lab3_top                                        ;
; Top-level Entity Name              ; lab3_top                                        ;
; Family                             ; MAX 10                                          ;
; Device                             ; 10M08SAE144C8G                                  ;
; Timing Models                      ; Final                                           ;
; Total logic elements               ; 940 / 8,064 ( 12 % )                            ;
;     Total combinational functions  ; 800 / 8,064 ( 10 % )                            ;
;     Dedicated logic registers      ; 574 / 8,064 ( 7 % )                             ;
; Total registers                    ; 574                                             ;
; Total pins                         ; 30 / 101 ( 30 % )                               ;
; Total virtual pins                 ; 0                                               ;
; Total memory bits                  ; 0 / 387,072 ( 0 % )                             ;
; Embedded Multiplier 9-bit elements ; 0 / 48 ( 0 % )                                  ;
; Total PLLs                         ; 0 / 1 ( 0 % )                                   ;
; UFM blocks                         ; 0 / 1 ( 0 % )                                   ;
; ADC blocks                         ; 0 / 1 ( 0 % )                                   ;
+------------------------------------+-------------------------------------------------+


+-----------------------------------------+
; Flow Settings                           ;
+-------------------+---------------------+
; Option            ; Setting             ;
+-------------------+---------------------+
; Start date & time ; 06/24/2018 15:42:36 ;
; Main task         ; Compilation         ;
; Revision Name     ; lab3_top            ;
+-------------------+---------------------+


+----------------------------------------------------------------------------------------------------------------------------+
; Flow Non-Default Global Settings                                                                                           ;
+-------------------------------------+---------------------------------------+---------------+-------------+----------------+
; Assignment Name                     ; Value                                 ; Default Value ; Entity Name ; Section Id     ;
+-------------------------------------+---------------------------------------+---------------+-------------+----------------+
; AUTO_SHIFT_REGISTER_RECOGNITION     ; Off                                   ; Auto          ; --          ; --             ;
; COMPILER_SIGNATURE_ID               ; 0.152986935631515                     ; --            ; --          ; --             ;
; EDA_MAP_ILLEGAL_CHARACTERS          ; On                                    ; --            ; --          ; eda_simulation ;
; FLOW_ENABLE_POWER_ANALYZER          ; On                                    ; Off           ; --          ; --             ;
; MAX_CORE_JUNCTION_TEMP              ; 85                                    ; --            ; --          ; --             ;
; MIN_CORE_JUNCTION_TEMP              ; 0                                     ; --            ; --          ; --             ;
; OUTPUT_IO_TIMING_FAR_END_VMEAS      ; Half Signal Swing                     ; --            ; --          ; --             ;
; OUTPUT_IO_TIMING_FAR_END_VMEAS      ; Half Signal Swing                     ; --            ; --          ; --             ;
; OUTPUT_IO_TIMING_NEAR_END_VMEAS     ; Half Vccio                            ; --            ; --          ; --             ;
; OUTPUT_IO_TIMING_NEAR_END_VMEAS     ; Half Vccio                            ; --            ; --          ; --             ;
; PARTITION_COLOR                     ; 16764057                              ; --            ; --          ; Top            ;
; PARTITION_FITTER_PRESERVATION_LEVEL ; PLACEMENT_AND_ROUTING                 ; --            ; --          ; Top            ;
; PARTITION_NETLIST_TYPE              ; SOURCE                                ; --            ; --          ; Top            ;
; POWER_BOARD_THERMAL_MODEL           ; None (CONSERVATIVE)                   ; --            ; --          ; --             ;
; POWER_DEFAULT_INPUT_IO_TOGGLE_RATE  ; 12.5 %                                ; 12.5%         ; --          ; --             ;
; POWER_DEFAULT_TOGGLE_RATE           ; 10 %                                  ; 12.5%         ; --          ; --             ;
; POWER_OUTPUT_SAF_NAME               ; lab3_top.saf.rpt                      ; --            ; --          ; --             ;
; POWER_PRESET_COOLING_SOLUTION       ; 23 MM HEAT SINK WITH 200 LFPM AIRFLOW ; --            ; --          ; --             ;
; TIMEQUEST_MULTICORNER_ANALYSIS      ; Off                                   ; On            ; --          ; --             ;
+-------------------------------------+---------------------------------------+---------------+-------------+----------------+


+--------------------------------------------------------------------------------------------------------------------------+
; Flow Elapsed Time                                                                                                        ;
+----------------------+--------------+-------------------------+---------------------+------------------------------------+
; Module Name          ; Elapsed Time ; Average Processors Used ; Peak Virtual Memory ; Total CPU Time (on all processors) ;
+----------------------+--------------+-------------------------+---------------------+------------------------------------+
; Analysis & Synthesis ; 00:00:07     ; 1.0                     ; 1287 MB             ; 00:00:16                           ;
; Fitter               ; 00:00:13     ; 1.2                     ; 1648 MB             ; 00:00:15                           ;
; Assembler            ; 00:00:01     ; 1.0                     ; 1108 MB             ; 00:00:01                           ;
; EDA Netlist Writer   ; 00:00:01     ; 1.0                     ; 1357 MB             ; 00:00:00                           ;
; EDA Netlist Writer   ; 00:00:01     ; 1.0                     ; 1357 MB             ; 00:00:00                           ;
; Total                ; 00:00:23     ; --                      ; --                  ; 00:00:32                           ;
+----------------------+--------------+-------------------------+---------------------+------------------------------------+


+----------------------------------------------------------------------------------------------+
; Flow OS Summary                                                                              ;
+----------------------+------------------------+--------------+--------------+----------------+
; Module Name          ; Machine Hostname       ; OS Name      ; OS Version   ; Processor type ;
+----------------------+------------------------+--------------+--------------+----------------+
; Analysis & Synthesis ; ecelinux1.uwaterloo.ca ; CentOS Linux ; CentOS Linux ; x86_64         ;
; Fitter               ; ecelinux1.uwaterloo.ca ; CentOS Linux ; CentOS Linux ; x86_64         ;
; Assembler            ; ecelinux1.uwaterloo.ca ; CentOS Linux ; CentOS Linux ; x86_64         ;
; EDA Netlist Writer   ; ecelinux1.uwaterloo.ca ; CentOS Linux ; CentOS Linux ; x86_64         ;
; EDA Netlist Writer   ; ecelinux1.uwaterloo.ca ; CentOS Linux ; CentOS Linux ; x86_64         ;
+----------------------+------------------------+--------------+--------------+----------------+


------------
; Flow Log ;
------------
quartus_map lab3_top --source=lab3_top_logic.v
quartus_fit lab3_top --effort=fast
quartus_asm lab3_top
quartus_eda lab3_top --simulation=on --tool=modelsim --format=vhdl
quartus_eda lab3_top --simulation=on --tool=modelsim --format=verilog



